0 info it worked if it ends with ok
1 verbose cli [ 'D:\\node.exe',
1 verbose cli   'D:\\node_modules\\npm\\bin\\npm-cli.js',
1 verbose cli   'start' ]
2 info using npm@4.0.5
3 info using node@v7.4.0
4 verbose run-script [ 'prestart', 'start', 'poststart' ]
5 info lifecycle pet@0.1.0~prestart: pet@0.1.0
6 silly lifecycle pet@0.1.0~prestart: no script for prestart, continuing
7 info lifecycle pet@0.1.0~start: pet@0.1.0
8 verbose lifecycle pet@0.1.0~start: unsafe-perm in lifecycle true
9 verbose lifecycle pet@0.1.0~start: PATH: D:\node_modules\npm\bin\node-gyp-bin;D:\Desktop\Pet-System-Part 3\pet\node_modules\.bin;C:\ProgramData\Oracle\Java\javapath;c:\program files (x86)\graphicsmagick-1.3.25-q16;C:\Windows\system32;C:\Windows;C:\Windows\System32\Wbem;C:\Windows\System32\WindowsPowerShell\v1.0\;C:\Program Files (x86)\Skype\Phone\;C:\Program Files\TortoiseSVN\bin;C:\Users\User\.dnx\bin;C:\Program Files\Microsoft DNX\Dnvm\;C:\Program Files\Microsoft SQL Server\130\Tools\Binn\;D:\;C:\Program Files (x86)\Git\bin;C:\Program Files (x86)\Git\cmd;C:\Program Files\Git\cmd;C:\Program Files\TortoiseGit\bin;C:\Users\User\AppData\Local\Microsoft\WindowsApps;C:\Program Files (x86)\Microsoft VS Code\bin;C:\Users\User\AppData\Roaming\npm;C:\Program Files\Heroku\bin;C:\Program Files\Java\jdk1.8.0_121\bin;C:\Users\User\AppData\Local\.meteor\
10 verbose lifecycle pet@0.1.0~start: CWD: D:\Desktop\Pet-System-Part 3\pet
11 silly lifecycle pet@0.1.0~start: Args: [ '/d /s /c', 'react-scripts start' ]
12 silly lifecycle pet@0.1.0~start: Returned: code: 3221225786  signal: null
13 info lifecycle pet@0.1.0~start: Failed to exec start script
14 verbose stack Error: pet@0.1.0 start: `react-scripts start`
14 verbose stack Exit status 3221225786
14 verbose stack     at EventEmitter.<anonymous> (D:\node_modules\npm\lib\utils\lifecycle.js:279:16)
14 verbose stack     at emitTwo (events.js:106:13)
14 verbose stack     at EventEmitter.emit (events.js:191:7)
14 verbose stack     at ChildProcess.<anonymous> (D:\node_modules\npm\lib\utils\spawn.js:40:14)
14 verbose stack     at emitTwo (events.js:106:13)
14 verbose stack     at ChildProcess.emit (events.js:191:7)
14 verbose stack     at maybeClose (internal/child_process.js:885:16)
14 verbose stack     at Process.ChildProcess._handle.onexit (internal/child_process.js:226:5)
15 verbose pkgid pet@0.1.0
16 verbose cwd D:\Desktop\Pet-System-Part 3\pet
17 error Windows_NT 10.0.14393
18 error argv "D:\\node.exe" "D:\\node_modules\\npm\\bin\\npm-cli.js" "start"
19 error node v7.4.0
20 error npm  v4.0.5
21 error code ELIFECYCLE
22 error pet@0.1.0 start: `react-scripts start`
22 error Exit status 3221225786
23 error Failed at the pet@0.1.0 start script 'react-scripts start'.
23 error Make sure you have the latest version of node.js and npm installed.
23 error If you do, this is most likely a problem with the pet package,
23 error not with npm itself.
23 error Tell the author that this fails on your system:
23 error     react-scripts start
23 error You can get information on how to open an issue for this project with:
23 error     npm bugs pet
23 error Or if that isn't available, you can get their info via:
23 error     npm owner ls pet
23 error There is likely additional logging output above.
24 verbose exit [ 1, true ]
